[13-Jan-2023 01:23:32 America/Chicago] PHP Warning:  Undefined variable $onLoad in D:\development\cwp_app\www\assets\layout\header.php on line 24
[13-Jan-2023 01:23:32 America/Chicago] PHP Deprecated:  Creation of dynamic property Media::$job_id is deprecated in D:\development\cwp_app\www\assets\class\Media.class.php on line 35
[13-Jan-2023 01:23:32 America/Chicago] PHP Deprecated:  Creation of dynamic property Media::$pdf_file is deprecated in D:\development\cwp_app\www\assets\class\Media.class.php on line 36
[13-Jan-2023 01:23:32 America/Chicago] PHP Deprecated:  Creation of dynamic property Media::$job_number is deprecated in D:\development\cwp_app\www\assets\class\Media.class.php on line 37
[13-Jan-2023 01:23:32 America/Chicago] PHP Deprecated:  Creation of dynamic property Media::$xlsx is deprecated in D:\development\cwp_app\www\assets\class\Media.class.php on line 38
[13-Jan-2023 01:23:32 America/Chicago] PHP Deprecated:  Creation of dynamic property Media::$zip is deprecated in D:\development\cwp_app\www\assets\class\Media.class.php on line 39
[13-Jan-2023 01:23:32 America/Chicago] PHP Deprecated:  Creation of dynamic property Media::$location is deprecated in D:\development\cwp_app\www\assets\class\Media.class.php on line 40
[13-Jan-2023 01:23:32 America/Chicago] PHP Deprecated:  Creation of dynamic property MediaFileSystem::$job_number is deprecated in D:\development\cwp_app\www\assets\class\MediaFileSystem.class.php on line 12
[13-Jan-2023 01:23:32 America/Chicago] PHP Deprecated:  Creation of dynamic property MediaFileSystem::$pdf_file is deprecated in D:\development\cwp_app\www\assets\class\MediaFileSystem.class.php on line 13
[13-Jan-2023 01:23:32 America/Chicago] PHP Warning:  Undefined variable $directory in D:\development\cwp_app\www\assets\class\MediaFileSystem.class.php on line 51
[13-Jan-2023 01:23:32 America/Chicago] PHP Deprecated:  Creation of dynamic property Media::$base_dir is deprecated in D:\development\cwp_app\www\assets\class\Media.class.php on line 44
[13-Jan-2023 01:23:32 America/Chicago] PHP Warning:  Undefined variable $directory in D:\development\cwp_app\www\assets\class\MediaFileSystem.class.php on line 51
[13-Jan-2023 01:23:32 America/Chicago] PHP Deprecated:  Creation of dynamic property Media::$pdf_fullname is deprecated in D:\development\cwp_app\www\assets\class\Media.class.php on line 46
[13-Jan-2023 01:23:32 America/Chicago] PHP Deprecated:  Creation of dynamic property Media::$pdf_tmp_file is deprecated in D:\development\cwp_app\www\assets\class\Media.class.php on line 47
[13-Jan-2023 01:23:32 America/Chicago] PHP Warning:  Undefined variable $directory in D:\development\cwp_app\www\assets\class\MediaFileSystem.class.php on line 51
[13-Jan-2023 01:23:32 America/Chicago] PHP Deprecated:  Creation of dynamic property Media::$xlsx_directory is deprecated in D:\development\cwp_app\www\assets\class\Media.class.php on line 49
[13-Jan-2023 01:23:32 America/Chicago] PHP Warning:  Undefined variable $directory in D:\development\cwp_app\www\assets\class\MediaFileSystem.class.php on line 51
[13-Jan-2023 01:23:32 America/Chicago] PHP Deprecated:  Creation of dynamic property Media::$zip_directory is deprecated in D:\development\cwp_app\www\assets\class\Media.class.php on line 50
[13-Jan-2023 01:23:32 America/Chicago] PHP Warning:  Undefined variable $directory in D:\development\cwp_app\www\assets\class\MediaFileSystem.class.php on line 51
[13-Jan-2023 01:23:32 America/Chicago] PHP Deprecated:  Creation of dynamic property Media::$zip_file is deprecated in D:\development\cwp_app\www\assets\class\Media.class.php on line 51
[13-Jan-2023 01:23:32 America/Chicago] PHP Deprecated:  Creation of dynamic property MediaFileSystem::$job_number is deprecated in D:\development\cwp_app\www\assets\class\MediaFileSystem.class.php on line 12
[13-Jan-2023 01:23:32 America/Chicago] PHP Deprecated:  Creation of dynamic property MediaFileSystem::$pdf_file is deprecated in D:\development\cwp_app\www\assets\class\MediaFileSystem.class.php on line 13
[13-Jan-2023 01:23:32 America/Chicago] PHP Deprecated:  Creation of dynamic property Media::$job_id is deprecated in D:\development\cwp_app\www\assets\class\Media.class.php on line 35
[13-Jan-2023 01:23:32 America/Chicago] PHP Deprecated:  Creation of dynamic property Media::$pdf_file is deprecated in D:\development\cwp_app\www\assets\class\Media.class.php on line 36
[13-Jan-2023 01:23:32 America/Chicago] PHP Deprecated:  Creation of dynamic property Media::$job_number is deprecated in D:\development\cwp_app\www\assets\class\Media.class.php on line 37
[13-Jan-2023 01:23:32 America/Chicago] PHP Deprecated:  Creation of dynamic property Media::$xlsx is deprecated in D:\development\cwp_app\www\assets\class\Media.class.php on line 38
[13-Jan-2023 01:23:32 America/Chicago] PHP Deprecated:  Creation of dynamic property Media::$zip is deprecated in D:\development\cwp_app\www\assets\class\Media.class.php on line 39
[13-Jan-2023 01:23:32 America/Chicago] PHP Deprecated:  Creation of dynamic property Media::$location is deprecated in D:\development\cwp_app\www\assets\class\Media.class.php on line 40
[13-Jan-2023 01:23:32 America/Chicago] PHP Deprecated:  Creation of dynamic property MediaFileSystem::$job_number is deprecated in D:\development\cwp_app\www\assets\class\MediaFileSystem.class.php on line 12
[13-Jan-2023 01:23:32 America/Chicago] PHP Deprecated:  Creation of dynamic property MediaFileSystem::$pdf_file is deprecated in D:\development\cwp_app\www\assets\class\MediaFileSystem.class.php on line 13
[13-Jan-2023 01:23:32 America/Chicago] PHP Warning:  Undefined variable $directory in D:\development\cwp_app\www\assets\class\MediaFileSystem.class.php on line 51
[13-Jan-2023 01:23:32 America/Chicago] PHP Deprecated:  Creation of dynamic property Media::$base_dir is deprecated in D:\development\cwp_app\www\assets\class\Media.class.php on line 44
[13-Jan-2023 01:23:32 America/Chicago] PHP Warning:  Undefined variable $directory in D:\development\cwp_app\www\assets\class\MediaFileSystem.class.php on line 51
[13-Jan-2023 01:23:32 America/Chicago] PHP Deprecated:  Creation of dynamic property Media::$pdf_fullname is deprecated in D:\development\cwp_app\www\assets\class\Media.class.php on line 46
[13-Jan-2023 01:23:32 America/Chicago] PHP Deprecated:  Creation of dynamic property Media::$pdf_tmp_file is deprecated in D:\development\cwp_app\www\assets\class\Media.class.php on line 47
[13-Jan-2023 01:23:32 America/Chicago] PHP Warning:  Undefined variable $directory in D:\development\cwp_app\www\assets\class\MediaFileSystem.class.php on line 51
[13-Jan-2023 01:23:32 America/Chicago] PHP Deprecated:  Creation of dynamic property Media::$xlsx_directory is deprecated in D:\development\cwp_app\www\assets\class\Media.class.php on line 49
[13-Jan-2023 01:23:32 America/Chicago] PHP Warning:  Undefined variable $directory in D:\development\cwp_app\www\assets\class\MediaFileSystem.class.php on line 51
[13-Jan-2023 01:23:32 America/Chicago] PHP Deprecated:  Creation of dynamic property Media::$zip_directory is deprecated in D:\development\cwp_app\www\assets\class\Media.class.php on line 50
[13-Jan-2023 01:23:32 America/Chicago] PHP Warning:  Undefined variable $directory in D:\development\cwp_app\www\assets\class\MediaFileSystem.class.php on line 51
[13-Jan-2023 01:23:32 America/Chicago] PHP Deprecated:  Creation of dynamic property Media::$zip_file is deprecated in D:\development\cwp_app\www\assets\class\Media.class.php on line 51
[13-Jan-2023 01:23:32 America/Chicago] PHP Deprecated:  Creation of dynamic property MediaFileSystem::$job_number is deprecated in D:\development\cwp_app\www\assets\class\MediaFileSystem.class.php on line 12
[13-Jan-2023 01:23:32 America/Chicago] PHP Deprecated:  Creation of dynamic property MediaFileSystem::$pdf_file is deprecated in D:\development\cwp_app\www\assets\class\MediaFileSystem.class.php on line 13
[13-Jan-2023 01:23:41 America/Chicago] PHP Warning:  Undefined variable $onLoad in D:\development\cwp_app\www\assets\layout\header.php on line 24
[13-Jan-2023 01:23:43 America/Chicago] PHP Warning:  Undefined variable $onLoad in D:\development\cwp_app\www\assets\layout\header.php on line 24
[13-Jan-2023 01:23:43 America/Chicago] PHP Warning:  Undefined variable $onLoad in D:\development\cwp_app\www\assets\layout\header.php on line 24
[13-Jan-2023 01:23:43 America/Chicago] PHP Deprecated:  Creation of dynamic property Media::$job_id is deprecated in D:\development\cwp_app\www\assets\class\Media.class.php on line 35
[13-Jan-2023 01:23:43 America/Chicago] PHP Deprecated:  Creation of dynamic property Media::$pdf_file is deprecated in D:\development\cwp_app\www\assets\class\Media.class.php on line 36
[13-Jan-2023 01:23:43 America/Chicago] PHP Deprecated:  Creation of dynamic property Media::$job_number is deprecated in D:\development\cwp_app\www\assets\class\Media.class.php on line 37
[13-Jan-2023 01:23:43 America/Chicago] PHP Deprecated:  Creation of dynamic property Media::$xlsx is deprecated in D:\development\cwp_app\www\assets\class\Media.class.php on line 38
[13-Jan-2023 01:23:43 America/Chicago] PHP Deprecated:  Creation of dynamic property Media::$zip is deprecated in D:\development\cwp_app\www\assets\class\Media.class.php on line 39
[13-Jan-2023 01:23:43 America/Chicago] PHP Deprecated:  Creation of dynamic property Media::$location is deprecated in D:\development\cwp_app\www\assets\class\Media.class.php on line 40
[13-Jan-2023 01:23:43 America/Chicago] PHP Deprecated:  Creation of dynamic property MediaFileSystem::$job_number is deprecated in D:\development\cwp_app\www\assets\class\MediaFileSystem.class.php on line 12
[13-Jan-2023 01:23:43 America/Chicago] PHP Deprecated:  Creation of dynamic property MediaFileSystem::$pdf_file is deprecated in D:\development\cwp_app\www\assets\class\MediaFileSystem.class.php on line 13
[13-Jan-2023 01:23:43 America/Chicago] PHP Warning:  Undefined variable $directory in D:\development\cwp_app\www\assets\class\MediaFileSystem.class.php on line 51
[13-Jan-2023 01:23:43 America/Chicago] PHP Deprecated:  Creation of dynamic property Media::$base_dir is deprecated in D:\development\cwp_app\www\assets\class\Media.class.php on line 44
[13-Jan-2023 01:23:43 America/Chicago] PHP Warning:  Undefined variable $directory in D:\development\cwp_app\www\assets\class\MediaFileSystem.class.php on line 51
[13-Jan-2023 01:23:43 America/Chicago] PHP Deprecated:  Creation of dynamic property Media::$pdf_fullname is deprecated in D:\development\cwp_app\www\assets\class\Media.class.php on line 46
[13-Jan-2023 01:23:43 America/Chicago] PHP Deprecated:  Creation of dynamic property Media::$pdf_tmp_file is deprecated in D:\development\cwp_app\www\assets\class\Media.class.php on line 47
[13-Jan-2023 01:23:43 America/Chicago] PHP Warning:  Undefined variable $directory in D:\development\cwp_app\www\assets\class\MediaFileSystem.class.php on line 51
[13-Jan-2023 01:23:43 America/Chicago] PHP Deprecated:  Creation of dynamic property Media::$xlsx_directory is deprecated in D:\development\cwp_app\www\assets\class\Media.class.php on line 49
[13-Jan-2023 01:23:43 America/Chicago] PHP Warning:  Undefined variable $directory in D:\development\cwp_app\www\assets\class\MediaFileSystem.class.php on line 51
[13-Jan-2023 01:23:43 America/Chicago] PHP Deprecated:  Creation of dynamic property Media::$zip_directory is deprecated in D:\development\cwp_app\www\assets\class\Media.class.php on line 50
[13-Jan-2023 01:23:43 America/Chicago] PHP Warning:  Undefined variable $directory in D:\development\cwp_app\www\assets\class\MediaFileSystem.class.php on line 51
[13-Jan-2023 01:23:43 America/Chicago] PHP Deprecated:  Creation of dynamic property Media::$zip_file is deprecated in D:\development\cwp_app\www\assets\class\Media.class.php on line 51
[13-Jan-2023 01:23:43 America/Chicago] PHP Deprecated:  Creation of dynamic property MediaFileSystem::$job_number is deprecated in D:\development\cwp_app\www\assets\class\MediaFileSystem.class.php on line 12
[13-Jan-2023 01:23:43 America/Chicago] PHP Deprecated:  Creation of dynamic property MediaFileSystem::$pdf_file is deprecated in D:\development\cwp_app\www\assets\class\MediaFileSystem.class.php on line 13
[13-Jan-2023 01:23:43 America/Chicago] PHP Deprecated:  Creation of dynamic property Media::$job_id is deprecated in D:\development\cwp_app\www\assets\class\Media.class.php on line 35
[13-Jan-2023 01:23:43 America/Chicago] PHP Deprecated:  Creation of dynamic property Media::$pdf_file is deprecated in D:\development\cwp_app\www\assets\class\Media.class.php on line 36
[13-Jan-2023 01:23:43 America/Chicago] PHP Deprecated:  Creation of dynamic property Media::$job_number is deprecated in D:\development\cwp_app\www\assets\class\Media.class.php on line 37
[13-Jan-2023 01:23:43 America/Chicago] PHP Deprecated:  Creation of dynamic property Media::$xlsx is deprecated in D:\development\cwp_app\www\assets\class\Media.class.php on line 38
[13-Jan-2023 01:23:43 America/Chicago] PHP Deprecated:  Creation of dynamic property Media::$zip is deprecated in D:\development\cwp_app\www\assets\class\Media.class.php on line 39
[13-Jan-2023 01:23:43 America/Chicago] PHP Deprecated:  Creation of dynamic property Media::$location is deprecated in D:\development\cwp_app\www\assets\class\Media.class.php on line 40
[13-Jan-2023 01:23:43 America/Chicago] PHP Deprecated:  Creation of dynamic property MediaFileSystem::$job_number is deprecated in D:\development\cwp_app\www\assets\class\MediaFileSystem.class.php on line 12
[13-Jan-2023 01:23:43 America/Chicago] PHP Deprecated:  Creation of dynamic property MediaFileSystem::$pdf_file is deprecated in D:\development\cwp_app\www\assets\class\MediaFileSystem.class.php on line 13
[13-Jan-2023 01:23:43 America/Chicago] PHP Warning:  Undefined variable $directory in D:\development\cwp_app\www\assets\class\MediaFileSystem.class.php on line 51
[13-Jan-2023 01:23:43 America/Chicago] PHP Deprecated:  Creation of dynamic property Media::$base_dir is deprecated in D:\development\cwp_app\www\assets\class\Media.class.php on line 44
[13-Jan-2023 01:23:43 America/Chicago] PHP Warning:  Undefined variable $directory in D:\development\cwp_app\www\assets\class\MediaFileSystem.class.php on line 51
[13-Jan-2023 01:23:43 America/Chicago] PHP Deprecated:  Creation of dynamic property Media::$pdf_fullname is deprecated in D:\development\cwp_app\www\assets\class\Media.class.php on line 46
[13-Jan-2023 01:23:43 America/Chicago] PHP Deprecated:  Creation of dynamic property Media::$pdf_tmp_file is deprecated in D:\development\cwp_app\www\assets\class\Media.class.php on line 47
[13-Jan-2023 01:23:43 America/Chicago] PHP Warning:  Undefined variable $directory in D:\development\cwp_app\www\assets\class\MediaFileSystem.class.php on line 51
[13-Jan-2023 01:23:43 America/Chicago] PHP Deprecated:  Creation of dynamic property Media::$xlsx_directory is deprecated in D:\development\cwp_app\www\assets\class\Media.class.php on line 49
[13-Jan-2023 01:23:43 America/Chicago] PHP Warning:  Undefined variable $directory in D:\development\cwp_app\www\assets\class\MediaFileSystem.class.php on line 51
[13-Jan-2023 01:23:43 America/Chicago] PHP Deprecated:  Creation of dynamic property Media::$zip_directory is deprecated in D:\development\cwp_app\www\assets\class\Media.class.php on line 50
[13-Jan-2023 01:23:43 America/Chicago] PHP Warning:  Undefined variable $directory in D:\development\cwp_app\www\assets\class\MediaFileSystem.class.php on line 51
[13-Jan-2023 01:23:43 America/Chicago] PHP Deprecated:  Creation of dynamic property Media::$zip_file is deprecated in D:\development\cwp_app\www\assets\class\Media.class.php on line 51
[13-Jan-2023 01:23:43 America/Chicago] PHP Deprecated:  Creation of dynamic property MediaFileSystem::$job_number is deprecated in D:\development\cwp_app\www\assets\class\MediaFileSystem.class.php on line 12
[13-Jan-2023 01:23:43 America/Chicago] PHP Deprecated:  Creation of dynamic property MediaFileSystem::$pdf_file is deprecated in D:\development\cwp_app\www\assets\class\MediaFileSystem.class.php on line 13
[13-Jan-2023 07:39:11 UTC] PHP Warning:  Undefined array key "SERVER_ROOT" in D:\development\cwp_app\www\.config.inc.php on line 16
[13-Jan-2023 07:39:11 UTC] PHP Warning:  Undefined array key "SERVER_ROOT" in D:\development\cwp_app\www\.config.inc.php on line 17
[13-Jan-2023 07:39:11 UTC] PHP Warning:  Undefined array key "HTTP_HOST" in D:\development\cwp_app\www\.config.inc.php on line 62
[13-Jan-2023 07:39:11 UTC] PHP Warning:  require_once(/library/vendor/autoload.php): Failed to open stream: No such file or directory in D:\development\cwp_app\www\.config.inc.php on line 66
[13-Jan-2023 07:39:11 UTC] PHP Fatal error:  Uncaught Error: Failed opening required '/library/vendor/autoload.php' (include_path='.;C:\php\pear;/library/vendor') in D:\development\cwp_app\www\.config.inc.php:66
Stack trace:
#0 D:\development\cwp_app\www\index.php(2): require_once()
#1 {main}
  thrown in D:\development\cwp_app\www\.config.inc.php on line 66
[13-Jan-2023 07:39:57 UTC] PHP Warning:  Undefined array key "SERVER_ROOT" in D:\development\cwp_app\www\.config.inc.php on line 16
[13-Jan-2023 07:39:57 UTC] PHP Warning:  Undefined array key "SERVER_ROOT" in D:\development\cwp_app\www\.config.inc.php on line 17
[13-Jan-2023 07:39:57 UTC] PHP Warning:  Undefined array key "HTTP_HOST" in D:\development\cwp_app\www\.config.inc.php on line 62
[13-Jan-2023 07:39:57 UTC] PHP Warning:  require_once(/library/vendor/autoload.php): Failed to open stream: No such file or directory in D:\development\cwp_app\www\.config.inc.php on line 66
[13-Jan-2023 07:39:57 UTC] PHP Fatal error:  Uncaught Error: Failed opening required '/library/vendor/autoload.php' (include_path='.;C:\php\pear;/library/vendor') in D:\development\cwp_app\www\.config.inc.php:66
Stack trace:
#0 D:\development\cwp_app\www\index.php(2): require_once()
#1 {main}
  thrown in D:\development\cwp_app\www\.config.inc.php on line 66
[13-Jan-2023 07:40:09 UTC] PHP Warning:  Undefined variable $onLoad in D:\development\cwp_app\www\assets\layout\header.php on line 24
[13-Jan-2023 07:40:09 UTC] PHP Deprecated:  Creation of dynamic property Media::$job_id is deprecated in D:\development\cwp_app\www\assets\class\Media.class.php on line 35
[13-Jan-2023 07:40:09 UTC] PHP Deprecated:  Creation of dynamic property Media::$pdf_file is deprecated in D:\development\cwp_app\www\assets\class\Media.class.php on line 36
[13-Jan-2023 07:40:09 UTC] PHP Deprecated:  Creation of dynamic property Media::$job_number is deprecated in D:\development\cwp_app\www\assets\class\Media.class.php on line 37
[13-Jan-2023 07:40:09 UTC] PHP Deprecated:  Creation of dynamic property Media::$xlsx is deprecated in D:\development\cwp_app\www\assets\class\Media.class.php on line 38
[13-Jan-2023 07:40:09 UTC] PHP Deprecated:  Creation of dynamic property Media::$zip is deprecated in D:\development\cwp_app\www\assets\class\Media.class.php on line 39
[13-Jan-2023 07:40:09 UTC] PHP Deprecated:  Creation of dynamic property Media::$location is deprecated in D:\development\cwp_app\www\assets\class\Media.class.php on line 40
[13-Jan-2023 07:40:09 UTC] PHP Deprecated:  Creation of dynamic property MediaFileSystem::$job_number is deprecated in D:\development\cwp_app\www\assets\class\MediaFileSystem.class.php on line 12
[13-Jan-2023 07:40:09 UTC] PHP Deprecated:  Creation of dynamic property MediaFileSystem::$pdf_file is deprecated in D:\development\cwp_app\www\assets\class\MediaFileSystem.class.php on line 13
[13-Jan-2023 07:40:09 UTC] PHP Warning:  Undefined variable $directory in D:\development\cwp_app\www\assets\class\MediaFileSystem.class.php on line 51
[13-Jan-2023 07:40:09 UTC] PHP Deprecated:  Creation of dynamic property Media::$base_dir is deprecated in D:\development\cwp_app\www\assets\class\Media.class.php on line 44
[13-Jan-2023 07:40:09 UTC] PHP Warning:  Undefined variable $directory in D:\development\cwp_app\www\assets\class\MediaFileSystem.class.php on line 51
[13-Jan-2023 07:40:09 UTC] PHP Deprecated:  Creation of dynamic property Media::$pdf_fullname is deprecated in D:\development\cwp_app\www\assets\class\Media.class.php on line 46
[13-Jan-2023 07:40:09 UTC] PHP Deprecated:  Creation of dynamic property Media::$pdf_tmp_file is deprecated in D:\development\cwp_app\www\assets\class\Media.class.php on line 47
[13-Jan-2023 07:40:09 UTC] PHP Warning:  Undefined variable $directory in D:\development\cwp_app\www\assets\class\MediaFileSystem.class.php on line 51
[13-Jan-2023 07:40:09 UTC] PHP Deprecated:  Creation of dynamic property Media::$xlsx_directory is deprecated in D:\development\cwp_app\www\assets\class\Media.class.php on line 49
[13-Jan-2023 07:40:09 UTC] PHP Warning:  Undefined variable $directory in D:\development\cwp_app\www\assets\class\MediaFileSystem.class.php on line 51
[13-Jan-2023 07:40:09 UTC] PHP Deprecated:  Creation of dynamic property Media::$zip_directory is deprecated in D:\development\cwp_app\www\assets\class\Media.class.php on line 50
[13-Jan-2023 07:40:09 UTC] PHP Warning:  Undefined variable $directory in D:\development\cwp_app\www\assets\class\MediaFileSystem.class.php on line 51
[13-Jan-2023 07:40:09 UTC] PHP Deprecated:  Creation of dynamic property Media::$zip_file is deprecated in D:\development\cwp_app\www\assets\class\Media.class.php on line 51
[13-Jan-2023 07:40:09 UTC] PHP Deprecated:  Creation of dynamic property MediaFileSystem::$job_number is deprecated in D:\development\cwp_app\www\assets\class\MediaFileSystem.class.php on line 12
[13-Jan-2023 07:40:09 UTC] PHP Deprecated:  Creation of dynamic property MediaFileSystem::$pdf_file is deprecated in D:\development\cwp_app\www\assets\class\MediaFileSystem.class.php on line 13
[13-Jan-2023 07:40:09 UTC] PHP Deprecated:  Creation of dynamic property Media::$job_id is deprecated in D:\development\cwp_app\www\assets\class\Media.class.php on line 35
[13-Jan-2023 07:40:09 UTC] PHP Deprecated:  Creation of dynamic property Media::$pdf_file is deprecated in D:\development\cwp_app\www\assets\class\Media.class.php on line 36
[13-Jan-2023 07:40:09 UTC] PHP Deprecated:  Creation of dynamic property Media::$job_number is deprecated in D:\development\cwp_app\www\assets\class\Media.class.php on line 37
[13-Jan-2023 07:40:09 UTC] PHP Deprecated:  Creation of dynamic property Media::$xlsx is deprecated in D:\development\cwp_app\www\assets\class\Media.class.php on line 38
[13-Jan-2023 07:40:09 UTC] PHP Deprecated:  Creation of dynamic property Media::$zip is deprecated in D:\development\cwp_app\www\assets\class\Media.class.php on line 39
[13-Jan-2023 07:40:09 UTC] PHP Deprecated:  Creation of dynamic property Media::$location is deprecated in D:\development\cwp_app\www\assets\class\Media.class.php on line 40
[13-Jan-2023 07:40:09 UTC] PHP Deprecated:  Creation of dynamic property MediaFileSystem::$job_number is deprecated in D:\development\cwp_app\www\assets\class\MediaFileSystem.class.php on line 12
[13-Jan-2023 07:40:09 UTC] PHP Deprecated:  Creation of dynamic property MediaFileSystem::$pdf_file is deprecated in D:\development\cwp_app\www\assets\class\MediaFileSystem.class.php on line 13
[13-Jan-2023 07:40:09 UTC] PHP Warning:  Undefined variable $directory in D:\development\cwp_app\www\assets\class\MediaFileSystem.class.php on line 51
[13-Jan-2023 07:40:09 UTC] PHP Deprecated:  Creation of dynamic property Media::$base_dir is deprecated in D:\development\cwp_app\www\assets\class\Media.class.php on line 44
[13-Jan-2023 07:40:09 UTC] PHP Warning:  Undefined variable $directory in D:\development\cwp_app\www\assets\class\MediaFileSystem.class.php on line 51
[13-Jan-2023 07:40:09 UTC] PHP Deprecated:  Creation of dynamic property Media::$pdf_fullname is deprecated in D:\development\cwp_app\www\assets\class\Media.class.php on line 46
[13-Jan-2023 07:40:09 UTC] PHP Deprecated:  Creation of dynamic property Media::$pdf_tmp_file is deprecated in D:\development\cwp_app\www\assets\class\Media.class.php on line 47
[13-Jan-2023 07:40:09 UTC] PHP Warning:  Undefined variable $directory in D:\development\cwp_app\www\assets\class\MediaFileSystem.class.php on line 51
[13-Jan-2023 07:40:09 UTC] PHP Deprecated:  Creation of dynamic property Media::$xlsx_directory is deprecated in D:\development\cwp_app\www\assets\class\Media.class.php on line 49
[13-Jan-2023 07:40:09 UTC] PHP Warning:  Undefined variable $directory in D:\development\cwp_app\www\assets\class\MediaFileSystem.class.php on line 51
[13-Jan-2023 07:40:09 UTC] PHP Deprecated:  Creation of dynamic property Media::$zip_directory is deprecated in D:\development\cwp_app\www\assets\class\Media.class.php on line 50
[13-Jan-2023 07:40:09 UTC] PHP Warning:  Undefined variable $directory in D:\development\cwp_app\www\assets\class\MediaFileSystem.class.php on line 51
[13-Jan-2023 07:40:09 UTC] PHP Deprecated:  Creation of dynamic property Media::$zip_file is deprecated in D:\development\cwp_app\www\assets\class\Media.class.php on line 51
[13-Jan-2023 07:40:09 UTC] PHP Deprecated:  Creation of dynamic property MediaFileSystem::$job_number is deprecated in D:\development\cwp_app\www\assets\class\MediaFileSystem.class.php on line 12
[13-Jan-2023 07:40:09 UTC] PHP Deprecated:  Creation of dynamic property MediaFileSystem::$pdf_file is deprecated in D:\development\cwp_app\www\assets\class\MediaFileSystem.class.php on line 13
[13-Jan-2023 07:42:02 UTC] PHP Warning:  Undefined variable $onLoad in D:\development\cwp_app\www\assets\layout\header.php on line 24
[13-Jan-2023 07:42:02 UTC] PHP Deprecated:  Creation of dynamic property Media::$job_id is deprecated in D:\development\cwp_app\www\assets\class\Media.class.php on line 35
[13-Jan-2023 07:42:02 UTC] PHP Deprecated:  Creation of dynamic property Media::$pdf_file is deprecated in D:\development\cwp_app\www\assets\class\Media.class.php on line 36
[13-Jan-2023 07:42:02 UTC] PHP Deprecated:  Creation of dynamic property Media::$job_number is deprecated in D:\development\cwp_app\www\assets\class\Media.class.php on line 37
[13-Jan-2023 07:42:02 UTC] PHP Deprecated:  Creation of dynamic property Media::$xlsx is deprecated in D:\development\cwp_app\www\assets\class\Media.class.php on line 38
[13-Jan-2023 07:42:02 UTC] PHP Deprecated:  Creation of dynamic property Media::$zip is deprecated in D:\development\cwp_app\www\assets\class\Media.class.php on line 39
[13-Jan-2023 07:42:02 UTC] PHP Deprecated:  Creation of dynamic property Media::$location is deprecated in D:\development\cwp_app\www\assets\class\Media.class.php on line 40
[13-Jan-2023 07:42:02 UTC] PHP Deprecated:  Creation of dynamic property MediaFileSystem::$job_number is deprecated in D:\development\cwp_app\www\assets\class\MediaFileSystem.class.php on line 12
[13-Jan-2023 07:42:02 UTC] PHP Deprecated:  Creation of dynamic property MediaFileSystem::$pdf_file is deprecated in D:\development\cwp_app\www\assets\class\MediaFileSystem.class.php on line 13
[13-Jan-2023 07:42:02 UTC] PHP Warning:  Undefined variable $directory in D:\development\cwp_app\www\assets\class\MediaFileSystem.class.php on line 51
[13-Jan-2023 07:42:02 UTC] PHP Deprecated:  Creation of dynamic property Media::$base_dir is deprecated in D:\development\cwp_app\www\assets\class\Media.class.php on line 44
[13-Jan-2023 07:42:02 UTC] PHP Warning:  Undefined variable $directory in D:\development\cwp_app\www\assets\class\MediaFileSystem.class.php on line 51
[13-Jan-2023 07:42:02 UTC] PHP Deprecated:  Creation of dynamic property Media::$pdf_fullname is deprecated in D:\development\cwp_app\www\assets\class\Media.class.php on line 46
[13-Jan-2023 07:42:02 UTC] PHP Deprecated:  Creation of dynamic property Media::$pdf_tmp_file is deprecated in D:\development\cwp_app\www\assets\class\Media.class.php on line 47
[13-Jan-2023 07:42:02 UTC] PHP Warning:  Undefined variable $directory in D:\development\cwp_app\www\assets\class\MediaFileSystem.class.php on line 51
[13-Jan-2023 07:42:02 UTC] PHP Deprecated:  Creation of dynamic property Media::$xlsx_directory is deprecated in D:\development\cwp_app\www\assets\class\Media.class.php on line 49
[13-Jan-2023 07:42:02 UTC] PHP Warning:  Undefined variable $directory in D:\development\cwp_app\www\assets\class\MediaFileSystem.class.php on line 51
[13-Jan-2023 07:42:02 UTC] PHP Deprecated:  Creation of dynamic property Media::$zip_directory is deprecated in D:\development\cwp_app\www\assets\class\Media.class.php on line 50
[13-Jan-2023 07:42:02 UTC] PHP Warning:  Undefined variable $directory in D:\development\cwp_app\www\assets\class\MediaFileSystem.class.php on line 51
[13-Jan-2023 07:42:02 UTC] PHP Deprecated:  Creation of dynamic property Media::$zip_file is deprecated in D:\development\cwp_app\www\assets\class\Media.class.php on line 51
[13-Jan-2023 07:42:02 UTC] PHP Deprecated:  Creation of dynamic property MediaFileSystem::$job_number is deprecated in D:\development\cwp_app\www\assets\class\MediaFileSystem.class.php on line 12
[13-Jan-2023 07:42:02 UTC] PHP Deprecated:  Creation of dynamic property MediaFileSystem::$pdf_file is deprecated in D:\development\cwp_app\www\assets\class\MediaFileSystem.class.php on line 13
[13-Jan-2023 07:42:02 UTC] PHP Deprecated:  Creation of dynamic property Media::$job_id is deprecated in D:\development\cwp_app\www\assets\class\Media.class.php on line 35
[13-Jan-2023 07:42:02 UTC] PHP Deprecated:  Creation of dynamic property Media::$pdf_file is deprecated in D:\development\cwp_app\www\assets\class\Media.class.php on line 36
[13-Jan-2023 07:42:02 UTC] PHP Deprecated:  Creation of dynamic property Media::$job_number is deprecated in D:\development\cwp_app\www\assets\class\Media.class.php on line 37
[13-Jan-2023 07:42:02 UTC] PHP Deprecated:  Creation of dynamic property Media::$xlsx is deprecated in D:\development\cwp_app\www\assets\class\Media.class.php on line 38
[13-Jan-2023 07:42:02 UTC] PHP Deprecated:  Creation of dynamic property Media::$zip is deprecated in D:\development\cwp_app\www\assets\class\Media.class.php on line 39
[13-Jan-2023 07:42:02 UTC] PHP Deprecated:  Creation of dynamic property Media::$location is deprecated in D:\development\cwp_app\www\assets\class\Media.class.php on line 40
[13-Jan-2023 07:42:02 UTC] PHP Deprecated:  Creation of dynamic property MediaFileSystem::$job_number is deprecated in D:\development\cwp_app\www\assets\class\MediaFileSystem.class.php on line 12
[13-Jan-2023 07:42:02 UTC] PHP Deprecated:  Creation of dynamic property MediaFileSystem::$pdf_file is deprecated in D:\development\cwp_app\www\assets\class\MediaFileSystem.class.php on line 13
[13-Jan-2023 07:42:02 UTC] PHP Warning:  Undefined variable $directory in D:\development\cwp_app\www\assets\class\MediaFileSystem.class.php on line 51
[13-Jan-2023 07:42:02 UTC] PHP Deprecated:  Creation of dynamic property Media::$base_dir is deprecated in D:\development\cwp_app\www\assets\class\Media.class.php on line 44
[13-Jan-2023 07:42:02 UTC] PHP Warning:  Undefined variable $directory in D:\development\cwp_app\www\assets\class\MediaFileSystem.class.php on line 51
[13-Jan-2023 07:42:02 UTC] PHP Deprecated:  Creation of dynamic property Media::$pdf_fullname is deprecated in D:\development\cwp_app\www\assets\class\Media.class.php on line 46
[13-Jan-2023 07:42:02 UTC] PHP Deprecated:  Creation of dynamic property Media::$pdf_tmp_file is deprecated in D:\development\cwp_app\www\assets\class\Media.class.php on line 47
[13-Jan-2023 07:42:02 UTC] PHP Warning:  Undefined variable $directory in D:\development\cwp_app\www\assets\class\MediaFileSystem.class.php on line 51
[13-Jan-2023 07:42:02 UTC] PHP Deprecated:  Creation of dynamic property Media::$xlsx_directory is deprecated in D:\development\cwp_app\www\assets\class\Media.class.php on line 49
[13-Jan-2023 07:42:02 UTC] PHP Warning:  Undefined variable $directory in D:\development\cwp_app\www\assets\class\MediaFileSystem.class.php on line 51
[13-Jan-2023 07:42:02 UTC] PHP Deprecated:  Creation of dynamic property Media::$zip_directory is deprecated in D:\development\cwp_app\www\assets\class\Media.class.php on line 50
[13-Jan-2023 07:42:02 UTC] PHP Warning:  Undefined variable $directory in D:\development\cwp_app\www\assets\class\MediaFileSystem.class.php on line 51
[13-Jan-2023 07:42:02 UTC] PHP Deprecated:  Creation of dynamic property Media::$zip_file is deprecated in D:\development\cwp_app\www\assets\class\Media.class.php on line 51
[13-Jan-2023 07:42:02 UTC] PHP Deprecated:  Creation of dynamic property MediaFileSystem::$job_number is deprecated in D:\development\cwp_app\www\assets\class\MediaFileSystem.class.php on line 12
[13-Jan-2023 07:42:02 UTC] PHP Deprecated:  Creation of dynamic property MediaFileSystem::$pdf_file is deprecated in D:\development\cwp_app\www\assets\class\MediaFileSystem.class.php on line 13
[13-Jan-2023 01:44:18 America/Chicago] PHP Fatal error:  Uncaught Error: Call to undefined function print_r2() in D:\development\cwp_app\www\.config.inc.php:76
Stack trace:
#0 D:\development\cwp_app\www\index.php(2): require_once()
#1 {main}
  thrown in D:\development\cwp_app\www\.config.inc.php on line 76
[13-Jan-2023 01:54:39 America/Chicago] PHP Fatal error:  Uncaught Error: Class "logger" not found in D:\development\cwp_app\www\.config.inc.php:71
Stack trace:
#0 D:\development\cwp_app\www\index.php(2): require_once()
#1 {main}
  thrown in D:\development\cwp_app\www\.config.inc.php on line 71
[13-Jan-2023 01:55:24 America/Chicago] PHP Fatal error:  Uncaught Error: Class "Colors" not found in D:\development\cwp_app\www\assets\class\MediaLogger.class.php:134
Stack trace:
#0 D:\development\cwp_app\www\.config.inc.php(72): Logger::echo('', Array)
#1 D:\development\cwp_app\www\index.php(2): require_once('D:\\development\\...')
#2 {main}
  thrown in D:\development\cwp_app\www\assets\class\MediaLogger.class.php on line 134
[13-Jan-2023 01:57:32 America/Chicago] PHP Fatal error:  Uncaught Error: Failed opening required '/library/vendor/autoload.php' (include_path='.;C:\php\pear;/library/vendor') in D:\development\cwp_app\www\.config.inc.php:66
Stack trace:
#0 D:\development\cwp_app\www\index.php(2): require_once()
#1 {main}
  thrown in D:\development\cwp_app\www\.config.inc.php on line 66
[13-Jan-2023 02:00:03 America/Chicago] PHP Fatal error:  Uncaught Error: Class "Debugger" not found in D:\development\cwp_app\www\assets\includes.inc.php:18
Stack trace:
#0 D:\development\cwp_app\www\.config.inc.php(84): require_once()
#1 D:\development\cwp_app\www\index.php(2): require_once('D:\\development\\...')
#2 {main}
  thrown in D:\development\cwp_app\www\assets\includes.inc.php on line 18
[13-Jan-2023 04:10:32 America/Chicago] PHP Parse error:  syntax error, unexpected token "$", expecting variable in D:\development\cwp_app\www\assets\class\Media.class.php on line 314
