[19-Jul-2023 01:13:54 UTC] PHP Fatal error:  Uncaught PDOException: SQLSTATE[42000]: Syntax error or access violation: 1064 You have an error in your SQL syntax; check the manual that corresponds to your MySQL server version for the right syntax to use near ''pub_name'' at line 1 in /home/bjorn/www/cwp_www/vendor/nette/database/src/Database/ResultSet.php:78
Stack trace:
#0 /home/bjorn/www/cwp_www/vendor/nette/database/src/Database/ResultSet.php(78): PDOStatement->execute()
#1 /home/bjorn/www/cwp_www/vendor/nette/database/src/Database/Connection.php(233): Nette\Database\ResultSet->__construct()
#2 /home/bjorn/www/cwp_www/vendor/nette/database/src/Database/Explorer.php(90): Nette\Database\Connection->query()
#3 /home/bjorn/www/cwp_www/vendor/nette/database/src/Database/Table/Selection.php(611): Nette\Database\Explorer->query()
#4 /home/bjorn/www/cwp_www/vendor/nette/database/src/Database/Table/Selection.php(560): Nette\Database\Table\Selection->query()
#5 /home/bjorn/www/cwp_www/vendor/nette/database/src/Database/Table/Selection.php(1009): Nette\Database\Table\Selection->execute()
#6 [internal function]: Nette\Database\Table\Selection->rewind()
#7 /home/bjorn/www/cwp_www/vendor/nette/database/src/Database/Table/Selection.php(255): iterator_to_array()
#8 /home/bjorn/www/cwp_www/www/settings/settings.php(132): Nette\Database\Table\Selection->fetchAll()
#9 {main}

Next Nette\Database\DriverException: SQLSTATE[42000]: Syntax error or access violation: 1064 You have an error in your SQL syntax; check the manual that corresponds to your MySQL server version for the right syntax to use near ''pub_name'' at line 1 in /home/bjorn/www/cwp_www/vendor/nette/database/src/Database/ResultSet.php:78
Stack trace:
#0 /home/bjorn/www/cwp_www/vendor/nette/database/src/Database/Drivers/MySqlDriver.php(67): Nette\Database\DriverException::from()
#1 /home/bjorn/www/cwp_www/vendor/nette/database/src/Database/ResultSet.php(81): Nette\Database\Drivers\MySqlDriver->convertException()
#2 /home/bjorn/www/cwp_www/vendor/nette/database/src/Database/Connection.php(233): Nette\Database\ResultSet->__construct()
#3 /home/bjorn/www/cwp_www/vendor/nette/database/src/Database/Explorer.php(90): Nette\Database\Connection->query()
#4 /home/bjorn/www/cwp_www/vendor/nette/database/src/Database/Table/Selection.php(611): Nette\Database\Explorer->query()
#5 /home/bjorn/www/cwp_www/vendor/nette/database/src/Database/Table/Selection.php(560): Nette\Database\Table\Selection->query()
#6 /home/bjorn/www/cwp_www/vendor/nette/database/src/Database/Table/Selection.php(1009): Nette\Database\Table\Selection->execute()
#7 [internal function]: Nette\Database\Table\Selection->rewind()
#8 /home/bjorn/www/cwp_www/vendor/nette/database/src/Database/Table/Selection.php(255): iterator_to_array()
#9 /home/bjorn/www/cwp_www/www/settings/settings.php(132): Nette\Database\Table\Selection->fetchAll()
#10 {main}
  thrown in /home/bjorn/www/cwp_www/vendor/nette/database/src/Database/ResultSet.php on line 78
[19-Jul-2023 01:41:00 UTC] PHP Fatal error:  Uncaught TypeError: Cannot access offset of type string on string in /home/bjorn/www/cwp_www/www/settings/settings.php:158
Stack trace:
#0 {main}
  thrown in /home/bjorn/www/cwp_www/www/settings/settings.php on line 158
